[debug] [2024-08-31T11:26:00.822Z] ----------------------------------------------------------------------
[debug] [2024-08-31T11:26:00.826Z] Command:       /usr/local/bin/node /usr/local/bin/firebase init
[debug] [2024-08-31T11:26:00.826Z] CLI Version:   13.15.4
[debug] [2024-08-31T11:26:00.826Z] Platform:      darwin
[debug] [2024-08-31T11:26:00.826Z] Node Version:  v20.9.0
[debug] [2024-08-31T11:26:00.826Z] Time:          Sat Aug 31 2024 14:26:00 GMT+0300 (Israel Daylight Time)
[debug] [2024-08-31T11:26:00.827Z] ----------------------------------------------------------------------
[debug] 
[debug] [2024-08-31T11:26:00.892Z] > command requires scopes: ["email","openid","https://www.googleapis.com/auth/cloudplatformprojects.readonly","https://www.googleapis.com/auth/firebase","https://www.googleapis.com/auth/cloud-platform"]
[debug] [2024-08-31T11:26:00.892Z] > authorizing via signed-in user (tomlaufman1@gmail.com)
[info] 
     ######## #### ########  ######## ########     ###     ######  ########
     ##        ##  ##     ## ##       ##     ##  ##   ##  ##       ##
     ######    ##  ########  ######   ########  #########  ######  ######
     ##        ##  ##    ##  ##       ##     ## ##     ##       ## ##
     ##       #### ##     ## ######## ########  ##     ##  ######  ########

You're about to initialize a Firebase project in this directory:

  /Users/tomlaufman/AngularProjects/LittleLinguistApp - Final

Before we get started, keep in mind:

  * You are initializing within an existing Firebase project directory

[info] 
=== Project Setup
[info] 
[info] First, let's associate this project directory with a Firebase project.
[info] You can create multiple project aliases by running firebase use --add, 
[info] but for now we'll just set up a default project.
[info] 
[debug] [2024-08-31T11:27:40.548Z] Using project from CLI flag: littlelinguistapp
[debug] [2024-08-31T11:27:40.551Z] >>> [apiv2][query] GET https://firebase.googleapis.com/v1beta1/projects/littlelinguistapp [none]
[debug] [2024-08-31T11:27:40.984Z] <<< [apiv2][status] GET https://firebase.googleapis.com/v1beta1/projects/littlelinguistapp 200
[debug] [2024-08-31T11:27:40.984Z] <<< [apiv2][body] GET https://firebase.googleapis.com/v1beta1/projects/littlelinguistapp {"projectId":"littlelinguistapp","projectNumber":"998818582528","displayName":"LittleLinguistApp","name":"projects/littlelinguistapp","resources":{"hostingSite":"littlelinguistapp"},"state":"ACTIVE","etag":"1_5939baeb-1ed6-43df-9970-c8b0c494d18e"}
[info] i  Using project littlelinguistapp (LittleLinguistApp) 
[info] 
=== Hosting Setup
[debug] [2024-08-31T11:27:41.012Z] >>> [apiv2][query] GET https://firebase.googleapis.com/v1beta1/projects/littlelinguistapp [none]
[debug] [2024-08-31T11:27:41.253Z] <<< [apiv2][status] GET https://firebase.googleapis.com/v1beta1/projects/littlelinguistapp 200
[debug] [2024-08-31T11:27:41.254Z] <<< [apiv2][body] GET https://firebase.googleapis.com/v1beta1/projects/littlelinguistapp {"projectId":"littlelinguistapp","projectNumber":"998818582528","displayName":"LittleLinguistApp","name":"projects/littlelinguistapp","resources":{"hostingSite":"littlelinguistapp"},"state":"ACTIVE","etag":"1_5939baeb-1ed6-43df-9970-c8b0c494d18e"}
[debug] [2024-08-31T11:29:00.216Z] ----------------------------------------------------------------------
[debug] [2024-08-31T11:29:00.220Z] Command:       /usr/local/bin/node /usr/local/bin/firebase init
[debug] [2024-08-31T11:29:00.220Z] CLI Version:   13.15.4
[debug] [2024-08-31T11:29:00.220Z] Platform:      darwin
[debug] [2024-08-31T11:29:00.220Z] Node Version:  v20.9.0
[debug] [2024-08-31T11:29:00.220Z] Time:          Sat Aug 31 2024 14:29:00 GMT+0300 (Israel Daylight Time)
[debug] [2024-08-31T11:29:00.221Z] ----------------------------------------------------------------------
[debug] 
[debug] [2024-08-31T11:29:00.288Z] > command requires scopes: ["email","openid","https://www.googleapis.com/auth/cloudplatformprojects.readonly","https://www.googleapis.com/auth/firebase","https://www.googleapis.com/auth/cloud-platform"]
[debug] [2024-08-31T11:29:00.288Z] > authorizing via signed-in user (tomlaufman1@gmail.com)
[info] 
     ######## #### ########  ######## ########     ###     ######  ########
     ##        ##  ##     ## ##       ##     ##  ##   ##  ##       ##
     ######    ##  ########  ######   ########  #########  ######  ######
     ##        ##  ##    ##  ##       ##     ## ##     ##       ## ##
     ##       #### ##     ## ######## ########  ##     ##  ######  ########

You're about to initialize a Firebase project in this directory:

  /Users/tomlaufman/AngularProjects/LittleLinguistApp - Final

Before we get started, keep in mind:

  * You are initializing within an existing Firebase project directory

